<?xml version="1.0" encoding="UTF-8"?>
<testng-results ignored="0" total="1" passed="1" failed="0" skipped="0">
  <reporter-output>
  </reporter-output>
  <suite started-at="2025-03-07T02:34:46 IST" name="Default suite" finished-at="2025-03-07T02:34:48 IST" duration-ms="2256">
    <groups>
    </groups>
    <test started-at="2025-03-07T02:34:46 IST" name="Default test" finished-at="2025-03-07T02:34:48 IST" duration-ms="2256">
      <class name="RestAssuredExamples.HTTPGet_Request">
        <test-method signature="getUsersList()[pri:0, instance:RestAssuredExamples.HTTPGet_Request@38afe297]" started-at="2025-03-07T02:34:46 IST" name="getUsersList" finished-at="2025-03-07T02:34:48 IST" duration-ms="2213" status="PASS">
          <reporter-output>
          </reporter-output>
        </test-method> <!-- getUsersList -->
      </class> <!-- RestAssuredExamples.HTTPGet_Request -->
    </test> <!-- Default test -->
  </suite> <!-- Default suite -->
</testng-results>
