<?xml version="1.0" encoding="UTF-8"?>
<testng-results ignored="0" total="1" passed="1" failed="0" skipped="0">
  <reporter-output>
  </reporter-output>
  <suite started-at="2025-03-23T02:12:19 IST" name="Default suite" finished-at="2025-03-23T02:12:21 IST" duration-ms="2413">
    <groups>
    </groups>
    <test started-at="2025-03-23T02:12:19 IST" name="Default test" finished-at="2025-03-23T02:12:21 IST" duration-ms="2413">
      <class name="RestAssuredExamples.HTTPPost_CreateEmployee">
        <test-method signature="CreateEmployee()[pri:0, instance:RestAssuredExamples.HTTPPost_CreateEmployee@23348b5d]" started-at="2025-03-23T02:12:19 IST" name="CreateEmployee" finished-at="2025-03-23T02:12:21 IST" duration-ms="2374" status="PASS">
          <reporter-output>
          </reporter-output>
        </test-method> <!-- CreateEmployee -->
      </class> <!-- RestAssuredExamples.HTTPPost_CreateEmployee -->
    </test> <!-- Default test -->
  </suite> <!-- Default suite -->
</testng-results>
